<?xml version="1.0" encoding="UTF-8"?>
<testsuite xmlns:xsi="http://www.w3.org/2001/XMLSchema-instance" xsi:noNamespaceSchemaLocation="https://maven.apache.org/surefire/maven-surefire-plugin/xsd/surefire-test-report.xsd" version="3.0.2" name="com.optical.sender.service.TransferServiceTest" time="0.283" tests="4" errors="0" skipped="0" failures="0">
  <properties>
[...]
</properties>
  <testcase name="prepareTransfer_loopsCorrectly" classname="com.optical.sender.service.TransferServiceTest" time="0.249">
    <system-out><![CDATA[12:09:59.082 [main] INFO  c.o.sender.service.TransferService - Preparing transfer for file: small.mp3
12:09:59.083 [main] INFO  c.o.sender.service.TransferService - Read 500 bytes from small.mp3
12:09:59.084 [main] INFO  c.o.sender.service.TransferService - SHA-256 hash: e6304a473c65ecd0ccffbd2f5925a8f51c44b11f59b66cfcc055e4bb911b8fa0
12:09:59.087 [main] INFO  c.o.sender.service.TransferService - Compressed: 500 bytes → 26 bytes (ratio: 5.2%)
12:09:59.089 [main] INFO  c.o.sender.service.TransferService - Transfer ID: f57bc171-011c-4123-8f9b-5faf7a6dd4e0
12:09:59.089 [main] INFO  c.optical.sender.chunk.FileChunker - Splitting 26 bytes into 1 chunks of max 1000 bytes each
12:09:59.089 [main] INFO  c.optical.sender.chunk.FileChunker - Created 1 chunk packets for transfer f57bc171-011c-4123-8f9b-5faf7a6dd4e0
12:09:59.260 [main] INFO  c.o.sender.service.TransferService - Transfer prepared: 3 total packets (1 header + 1 chunks + 1 end)
]]></system-out>
  </testcase>
  <testcase name="prepareTransfer_notPrepared_throwsException" classname="com.optical.sender.service.TransferServiceTest" time="0.003"/>
  <testcase name="prepareTransfer_setsMetadata" classname="com.optical.sender.service.TransferServiceTest" time="0.007">
    <system-out><![CDATA[12:09:59.271 [main] INFO  c.o.sender.service.TransferService - Preparing transfer for file: myfile.mp3
12:09:59.272 [main] INFO  c.o.sender.service.TransferService - Read 3000 bytes from myfile.mp3
12:09:59.273 [main] INFO  c.o.sender.service.TransferService - SHA-256 hash: c81ca5eda5947c7826ad046fdbdc2a25a846b835a6c34c237cc8b3afbe9ec6cc
12:09:59.274 [main] INFO  c.o.sender.service.TransferService - Compressed: 3000 bytes → 38 bytes (ratio: 1.3%)
12:09:59.274 [main] INFO  c.o.sender.service.TransferService - Transfer ID: 719e148f-8e32-47ad-8627-263aebc624d9
12:09:59.274 [main] INFO  c.optical.sender.chunk.FileChunker - Splitting 38 bytes into 1 chunks of max 1000 bytes each
12:09:59.274 [main] INFO  c.optical.sender.chunk.FileChunker - Created 1 chunk packets for transfer 719e148f-8e32-47ad-8627-263aebc624d9
12:09:59.275 [main] INFO  c.o.sender.service.TransferService - Transfer prepared: 3 total packets (1 header + 1 chunks + 1 end)
]]></system-out>
  </testcase>
  <testcase name="prepareTransfer_createsCorrectPacketSequence" classname="com.optical.sender.service.TransferServiceTest" time="0.017">
    <system-out><![CDATA[12:09:59.280 [main] INFO  c.o.sender.service.TransferService - Preparing transfer for file: test.mp3
12:09:59.281 [main] INFO  c.o.sender.service.TransferService - Read 5000 bytes from test.mp3
12:09:59.281 [main] INFO  c.o.sender.service.TransferService - SHA-256 hash: 0a02b6deb73f2e9a4a150f2f01aab2eaef4856523237f1b24595e1313da8f702
12:09:59.281 [main] INFO  c.o.sender.service.TransferService - Compressed: 5000 bytes → 5023 bytes (ratio: 100.5%)
12:09:59.281 [main] INFO  c.o.sender.service.TransferService - Transfer ID: bc4ded2f-a06f-46eb-a886-ddcfd0da0266
12:09:59.282 [main] INFO  c.optical.sender.chunk.FileChunker - Splitting 5023 bytes into 6 chunks of max 1000 bytes each
12:09:59.282 [main] INFO  c.optical.sender.chunk.FileChunker - Created 6 chunk packets for transfer bc4ded2f-a06f-46eb-a886-ddcfd0da0266
12:09:59.282 [main] INFO  c.o.sender.service.TransferService - Transfer prepared: 8 total packets (1 header + 6 chunks + 1 end)
]]></system-out>
  </testcase>
</testsuite>