<?xml version="1.0" encoding="UTF-8"?>
<testsuite xmlns:xsi="http://www.w3.org/2001/XMLSchema-instance" xsi:noNamespaceSchemaLocation="https://maven.apache.org/surefire/maven-surefire-plugin/xsd/surefire-test-report.xsd" version="3.0.2" name="com.optical.sender.qr.QRCodeGeneratorTest" time="0.154" tests="4" errors="0" skipped="0" failures="0">
  <properties>
[...]
</properties>
  <testcase name="generateQRImage_largePayload" classname="com.optical.sender.qr.QRCodeGeneratorTest" time="0.121"/>
  <testcase name="generateQRImage_withJsonPayload" classname="com.optical.sender.qr.QRCodeGeneratorTest" time="0.021"/>
  <testcase name="generateQRImage_returnsImage" classname="com.optical.sender.qr.QRCodeGeneratorTest" time="0.004"/>
  <testcase name="generateQRImage_customDimensions" classname="com.optical.sender.qr.QRCodeGeneratorTest" time="0.003"/>
</testsuite>