<?xml version="1.0" encoding="UTF-8"?>
<testsuite xmlns:xsi="http://www.w3.org/2001/XMLSchema-instance" xsi:noNamespaceSchemaLocation="https://maven.apache.org/surefire/maven-surefire-plugin/xsd/surefire-test-report.xsd" version="3.0.2" name="com.optical.receiver.service.ReceptionServiceTest" time="0.053" tests="11" errors="0" skipped="0" failures="0">
  <properties>
[...]
</properties>
  <testcase name="processEnd_tracksEndReceived" classname="com.optical.receiver.service.ReceptionServiceTest" time="0.005">
    <system-out><![CDATA[12:10:02.140 [main] INFO  c.o.r.service.ReceptionService - State changed to: RECEIVING
12:10:02.140 [main] INFO  c.o.r.service.ReceptionService - Transfer header received — ID: id-1, File: test.mp3, Size: 1000, Chunks: 5
12:10:02.140 [main] INFO  c.o.r.service.ReceptionService - Transfer END packet received. Chunks: 0/5
]]></system-out>
  </testcase>
  <testcase name="processHeader_transitionsToReceiving" classname="com.optical.receiver.service.ReceptionServiceTest" time="0.003">
    <system-out><![CDATA[12:10:02.146 [main] INFO  c.o.r.service.ReceptionService - State changed to: RECEIVING
12:10:02.146 [main] INFO  c.o.r.service.ReceptionService - Transfer header received — ID: id-1, File: song.mp3, Size: 5000, Chunks: 5
]]></system-out>
  </testcase>
  <testcase name="processChunks_tracksProgress" classname="com.optical.receiver.service.ReceptionServiceTest" time="0.004">
    <system-out><![CDATA[12:10:02.150 [main] INFO  c.o.r.service.ReceptionService - State changed to: RECEIVING
12:10:02.150 [main] INFO  c.o.r.service.ReceptionService - Transfer header received — ID: id-1, File: test.mp3, Size: 3000, Chunks: 3
12:10:02.150 [main] DEBUG c.o.r.service.ReceptionService - Received chunk 1/3
]]></system-out>
  </testcase>
  <testcase name="stateChangeListener_isCalled" classname="com.optical.receiver.service.ReceptionServiceTest" time="0.003">
    <system-out><![CDATA[12:10:02.155 [main] INFO  c.o.r.service.ReceptionService - State changed to: RECEIVING
12:10:02.155 [main] INFO  c.o.r.service.ReceptionService - Transfer header received — ID: id-1, File: test.mp3, Size: 1000, Chunks: 1
]]></system-out>
  </testcase>
  <testcase name="duplicateChunks_areIgnored" classname="com.optical.receiver.service.ReceptionServiceTest" time="0.004">
    <system-out><![CDATA[12:10:02.158 [main] INFO  c.o.r.service.ReceptionService - State changed to: RECEIVING
12:10:02.159 [main] INFO  c.o.r.service.ReceptionService - Transfer header received — ID: id-1, File: test.mp3, Size: 1000, Chunks: 3
12:10:02.159 [main] DEBUG c.o.r.service.ReceptionService - Received chunk 1/3
]]></system-out>
  </testcase>
  <testcase name="processPacket_nullOrBlank_ignored" classname="com.optical.receiver.service.ReceptionServiceTest" time="0.002"/>
  <testcase name="processPacket_invalidJson_ignored" classname="com.optical.receiver.service.ReceptionServiceTest" time="0.005">
    <system-out><![CDATA[12:10:02.166 [main] WARN  c.o.shared.protocol.PacketSerializer - Failed to detect packet type from JSON: not valid json at all
com.fasterxml.jackson.core.JsonParseException: Unrecognized token 'not': was expecting (JSON String, Number, Array, Object or token 'null', 'true' or 'false')
 at [Source: REDACTED (`StreamReadFeature.INCLUDE_SOURCE_IN_LOCATION` disabled); line: 1, column: 4]
	at com.fasterxml.jackson.core.JsonParser._constructError(JsonParser.java:2572)
	at com.fasterxml.jackson.core.JsonParser._constructReadException(JsonParser.java:2598)
	at com.fasterxml.jackson.core.JsonParser._constructReadException(JsonParser.java:2606)
	at com.fasterxml.jackson.core.base.ParserMinimalBase._reportError(ParserMinimalBase.java:765)
	at com.fasterxml.jackson.core.json.ReaderBasedJsonParser._reportInvalidToken(ReaderBasedJsonParser.java:3018)
	at com.fasterxml.jackson.core.json.ReaderBasedJsonParser._reportInvalidToken(ReaderBasedJsonParser.java:2996)
	at com.fasterxml.jackson.core.json.ReaderBasedJsonParser._matchToken(ReaderBasedJsonParser.java:2761)
	at com.fasterxml.jackson.core.json.ReaderBasedJsonParser._matchNull(ReaderBasedJsonParser.java:2747)
	at com.fasterxml.jackson.core.json.ReaderBasedJsonParser.nextToken(ReaderBasedJsonParser.java:750)
	at com.fasterxml.jackson.databind.ObjectMapper._readTreeAndClose(ObjectMapper.java:4934)
	at com.fasterxml.jackson.databind.ObjectMapper.readTree(ObjectMapper.java:3280)
	at com.optical.shared.protocol.PacketSerializer.detectPacketType(PacketSerializer.java:83)
	at com.optical.receiver.service.ReceptionService.processPacket(ReceptionService.java:67)
	at com.optical.receiver.service.ReceptionServiceTest.processPacket_invalidJson_ignored(ReceptionServiceTest.java:155)
	at java.base/jdk.internal.reflect.DirectMethodHandleAccessor.invoke(DirectMethodHandleAccessor.java:103)
	at java.base/java.lang.reflect.Method.invoke(Method.java:580)
	at org.junit.platform.commons.util.ReflectionUtils.invokeMethod(ReflectionUtils.java:728)
	at org.junit.jupiter.engine.execution.MethodInvocation.proceed(MethodInvocation.java:60)
	at org.junit.jupiter.engine.execution.InvocationInterceptorChain$ValidatingInvocation.proceed(InvocationInterceptorChain.java:131)
	at org.junit.jupiter.engine.extension.TimeoutExtension.intercept(TimeoutExtension.java:156)
	at org.junit.jupiter.engine.extension.TimeoutExtension.interceptTestableMethod(TimeoutExtension.java:147)
	at org.junit.jupiter.engine.extension.TimeoutExtension.interceptTestMethod(TimeoutExtension.java:86)
	at org.junit.jupiter.engine.execution.InterceptingExecutableInvoker$ReflectiveInterceptorCall.lambda$ofVoidMethod$0(InterceptingExecutableInvoker.java:103)
	at org.junit.jupiter.engine.execution.InterceptingExecutableInvoker.lambda$invoke$0(InterceptingExecutableInvoker.java:93)
	at org.junit.jupiter.engine.execution.InvocationInterceptorChain$InterceptedInvocation.proceed(InvocationInterceptorChain.java:106)
	at org.junit.jupiter.engine.execution.InvocationInterceptorChain.proceed(InvocationInterceptorChain.java:64)
	at org.junit.jupiter.engine.execution.InvocationInterceptorChain.chainAndInvoke(InvocationInterceptorChain.java:45)
	at org.junit.jupiter.engine.execution.InvocationInterceptorChain.invoke(InvocationInterceptorChain.java:37)
	at org.junit.jupiter.engine.execution.InterceptingExecutableInvoker.invoke(InterceptingExecutableInvoker.java:92)
	at org.junit.jupiter.engine.execution.InterceptingExecutableInvoker.invoke(InterceptingExecutableInvoker.java:86)
	at org.junit.jupiter.engine.descriptor.TestMethodTestDescriptor.lambda$invokeTestMethod$7(TestMethodTestDescriptor.java:218)
	at org.junit.platform.engine.support.hierarchical.ThrowableCollector.execute(ThrowableCollector.java:73)
	at org.junit.jupiter.engine.descriptor.TestMethodTestDescriptor.invokeTestMethod(TestMethodTestDescriptor.java:214)
	at org.junit.jupiter.engine.descriptor.TestMethodTestDescriptor.execute(TestMethodTestDescriptor.java:139)
	at org.junit.jupiter.engine.descriptor.TestMethodTestDescriptor.execute(TestMethodTestDescriptor.java:69)
	at org.junit.platform.engine.support.hierarchical.NodeTestTask.lambda$executeRecursively$6(NodeTestTask.java:151)
	at org.junit.platform.engine.support.hierarchical.ThrowableCollector.execute(ThrowableCollector.java:73)
	at org.junit.platform.engine.support.hierarchical.NodeTestTask.lambda$executeRecursively$8(NodeTestTask.java:141)
	at org.junit.platform.engine.support.hierarchical.Node.around(Node.java:137)
	at org.junit.platform.engine.support.hierarchical.NodeTestTask.lambda$executeRecursively$9(NodeTestTask.java:139)
	at org.junit.platform.engine.support.hierarchical.ThrowableCollector.execute(ThrowableCollector.java:73)
	at org.junit.platform.engine.support.hierarchical.NodeTestTask.executeRecursively(NodeTestTask.java:138)
	at org.junit.platform.engine.support.hierarchical.NodeTestTask.execute(NodeTestTask.java:95)
	at java.base/java.util.ArrayList.forEach(ArrayList.java:1596)
	at org.junit.platform.engine.support.hierarchical.SameThreadHierarchicalTestExecutorService.invokeAll(SameThreadHierarchicalTestExecutorService.java:41)
	at org.junit.platform.engine.support.hierarchical.NodeTestTask.lambda$executeRecursively$6(NodeTestTask.java:155)
	at org.junit.platform.engine.support.hierarchical.ThrowableCollector.execute(ThrowableCollector.java:73)
	at org.junit.platform.engine.support.hierarchical.NodeTestTask.lambda$executeRecursively$8(NodeTestTask.java:141)
	at org.junit.platform.engine.support.hierarchical.Node.around(Node.java:137)
	at org.junit.platform.engine.support.hierarchical.NodeTestTask.lambda$executeRecursively$9(NodeTestTask.java:139)
	at org.junit.platform.engine.support.hierarchical.ThrowableCollector.execute(ThrowableCollector.java:73)
	at org.junit.platform.engine.support.hierarchical.NodeTestTask.executeRecursively(NodeTestTask.java:138)
	at org.junit.platform.engine.support.hierarchical.NodeTestTask.execute(NodeTestTask.java:95)
	at java.base/java.util.ArrayList.forEach(ArrayList.java:1596)
	at org.junit.platform.engine.support.hierarchical.SameThreadHierarchicalTestExecutorService.invokeAll(SameThreadHierarchicalTestExecutorService.java:41)
	at org.junit.platform.engine.support.hierarchical.NodeTestTask.lambda$executeRecursively$6(NodeTestTask.java:155)
	at org.junit.platform.engine.support.hierarchical.ThrowableCollector.execute(ThrowableCollector.java:73)
	at org.junit.platform.engine.support.hierarchical.NodeTestTask.lambda$executeRecursively$8(NodeTestTask.java:141)
	at org.junit.platform.engine.support.hierarchical.Node.around(Node.java:137)
	at org.junit.platform.engine.support.hierarchical.NodeTestTask.lambda$executeRecursively$9(NodeTestTask.java:139)
	at org.junit.platform.engine.support.hierarchical.ThrowableCollector.execute(ThrowableCollector.java:73)
	at org.junit.platform.engine.support.hierarchical.NodeTestTask.executeRecursively(NodeTestTask.java:138)
	at org.junit.platform.engine.support.hierarchical.NodeTestTask.execute(NodeTestTask.java:95)
	at org.junit.platform.engine.support.hierarchical.SameThreadHierarchicalTestExecutorService.submit(SameThreadHierarchicalTestExecutorService.java:35)
	at org.junit.platform.engine.support.hierarchical.HierarchicalTestExecutor.execute(HierarchicalTestExecutor.java:57)
	at org.junit.platform.engine.support.hierarchical.HierarchicalTestEngine.execute(HierarchicalTestEngine.java:54)
	at org.junit.platform.launcher.core.EngineExecutionOrchestrator.execute(EngineExecutionOrchestrator.java:198)
	at org.junit.platform.launcher.core.EngineExecutionOrchestrator.execute(EngineExecutionOrchestrator.java:169)
	at org.junit.platform.launcher.core.EngineExecutionOrchestrator.execute(EngineExecutionOrchestrator.java:93)
	at org.junit.platform.launcher.core.EngineExecutionOrchestrator.lambda$execute$0(EngineExecutionOrchestrator.java:58)
	at org.junit.platform.launcher.core.EngineExecutionOrchestrator.withInterceptedStreams(EngineExecutionOrchestrator.java:141)
	at org.junit.platform.launcher.core.EngineExecutionOrchestrator.execute(EngineExecutionOrchestrator.java:57)
	at org.junit.platform.launcher.core.DefaultLauncher.execute(DefaultLauncher.java:103)
	at org.junit.platform.launcher.core.DefaultLauncher.execute(DefaultLauncher.java:85)
	at org.junit.platform.launcher.core.DelegatingLauncher.execute(DelegatingLauncher.java:47)
	at org.apache.maven.surefire.junitplatform.LazyLauncher.execute(LazyLauncher.java:56)
	at org.apache.maven.surefire.junitplatform.JUnitPlatformProvider.execute(JUnitPlatformProvider.java:184)
	at org.apache.maven.surefire.junitplatform.JUnitPlatformProvider.invokeAllTests(JUnitPlatformProvider.java:148)
	at org.apache.maven.surefire.junitplatform.JUnitPlatformProvider.invoke(JUnitPlatformProvider.java:122)
	at org.apache.maven.surefire.booter.ForkedBooter.runSuitesInProcess(ForkedBooter.java:385)
	at org.apache.maven.surefire.booter.ForkedBooter.execute(ForkedBooter.java:162)
	at org.apache.maven.surefire.booter.ForkedBooter.run(ForkedBooter.java:507)
	at org.apache.maven.surefire.booter.ForkedBooter.main(ForkedBooter.java:495)
12:10:02.169 [main] DEBUG c.o.r.service.ReceptionService - Ignoring unknown packet type
]]></system-out>
  </testcase>
  <testcase name="processAllChunks_transitionsToComplete" classname="com.optical.receiver.service.ReceptionServiceTest" time="0.007">
    <system-out><![CDATA[12:10:02.172 [main] INFO  c.o.r.service.ReceptionService - State changed to: RECEIVING
12:10:02.172 [main] INFO  c.o.r.service.ReceptionService - Transfer header received — ID: id-1, File: test.mp3, Size: 200, Chunks: 2
12:10:02.174 [main] DEBUG c.o.r.service.ReceptionService - Received chunk 1/2
12:10:02.177 [main] DEBUG c.o.r.service.ReceptionService - Received chunk 2/2
12:10:02.177 [main] INFO  c.o.r.service.ReceptionService - State changed to: COMPLETE
12:10:02.178 [main] INFO  c.o.r.service.ReceptionService - All 2 chunks received! Ready for assembly.
]]></system-out>
  </testcase>
  <testcase name="reset_clearsAllState" classname="com.optical.receiver.service.ReceptionServiceTest" time="0.004">
    <system-out><![CDATA[12:10:02.181 [main] INFO  c.o.r.service.ReceptionService - State changed to: RECEIVING
12:10:02.181 [main] INFO  c.o.r.service.ReceptionService - Transfer header received — ID: id-1, File: test.mp3, Size: 1000, Chunks: 2
12:10:02.182 [main] DEBUG c.o.r.service.ReceptionService - Received chunk 1/2
12:10:02.182 [main] INFO  c.o.r.service.ReceptionService - Reception service reset
]]></system-out>
  </testcase>
  <testcase name="initialState_isIdle" classname="com.optical.receiver.service.ReceptionServiceTest" time="0.001"/>
  <testcase name="wrongTransferId_chunkIgnored" classname="com.optical.receiver.service.ReceptionServiceTest" time="0.001">
    <system-out><![CDATA[12:10:02.187 [main] INFO  c.o.r.service.ReceptionService - State changed to: RECEIVING
12:10:02.187 [main] INFO  c.o.r.service.ReceptionService - Transfer header received — ID: id-1, File: test.mp3, Size: 1000, Chunks: 1
12:10:02.187 [main] DEBUG c.o.r.service.ReceptionService - Ignoring chunk with mismatched transferId: wrong-id
]]></system-out>
  </testcase>
</testsuite>